<?xml version="1.0" encoding="UTF-8"?>
<!-- Generated by org.testng.reporters.JUnitXMLReporter -->
<testsuite ignored="0" hostname="user-PC" failures="1" tests="21" name="Different testng Feature Test" time="62.691" errors="0" timestamp="2019-11-19T16:59:30 IST">
  <testcase classname="com.TestNG.GoogleTest" name="googleTitleTest" time="0.052"/>
  <testcase classname="com.TestNG.GoogleTest" name="maillinkTest" time="2.344"/>
  <testcase classname="com.TestNG.GoogleTest" name="logoTest" time="0.059"/>
  <testcase classname="com.TestNG.GoogleTest" name="test1" time="0.001"/>
  <testcase classname="com.TestNG.GoogleTitleTest" name="googleTitleTest" time="0.018"/>
  <testcase classname="com.TestNG.GoogleTitleTest" name="logoTest" time="0.06"/>
  <testcase classname="com.TestNG.InvocationTest" name="sum" time="0.002"/>
  <testcase classname="com.TestNG.InvocationTest" name="sum" time="0.001"/>
  <testcase classname="com.TestNG.InvocationTest" name="sum" time="0.001"/>
  <testcase classname="com.TestNG.InvocationTest" name="sum" time="0.0"/>
  <testcase classname="com.TestNG.InvocationTest" name="sum" time="0.001"/>
  <testcase classname="com.TestNG.InvocationTest" name="sum" time="0.001"/>
  <testcase classname="com.TestNG.InvocationTest" name="sum" time="0.0"/>
  <testcase classname="com.TestNG.InvocationTest" name="sum" time="0.001"/>
  <testcase classname="com.TestNG.InvocationTest" name="sum" time="0.001"/>
  <testcase classname="com.TestNG.InvocationTest" name="sum" time="0.001"/>
  <testcase classname="com.TestNG.TestNGBasics" name="SearchTest" time="0.005"/>
  <testcase classname="com.TestNG.TestNGBasics" name="googleTitleTest" time="0.007"/>
  <testcase classname="com.TestNG.TestNGFeatures" name="LogInTest" time="0.001">
    <failure type="java.lang.ArithmeticException" message="/ by zero">
      <![CDATA[java.lang.ArithmeticException: / by zero
at com.TestNG.TestNGFeatures.LogInTest(TestNGFeatures.java:10)
at java.base/java.util.ArrayList.forEach(ArrayList.java:1540)
... Removed 27 stack frames]]>
    </failure>
  </testcase> <!-- LogInTest -->
  <testcase classname="com.TestNG.TestNGFeatures" name="HomepageTest" time="0.001">
    <skipped/>
  </testcase> <!-- HomepageTest -->
  <testcase classname="com.TestNG.TestNGFeatures" name="RegistrationTest" time="0.0">
    <skipped/>
  </testcase> <!-- RegistrationTest -->
</testsuite> <!-- Different testng Feature Test -->
